This is pdfTeX, Version 3.141592653-2.6-1.40.22 (TeX Live 2021/NixOS.org) (preloaded format=latex 2022.1.2)  1 OCT 2022 14:55
entering extended mode
 restricted \write18 enabled.
 %&-line parsing enabled.
**operators.sty
(./operators.sty
LaTeX2e <2020-10-01> patch level 4
L3 programming layer <2021-02-18>

LaTeX Warning: You have requested package `',
               but the package provides `operators'.

Package: operators 
)
*
(Please type a command or say `\end')
*enc
! Interruption.
<*> 
    enc
? 'x
Type <return> to proceed, S to scroll future error messages,
R to run without stopping, Q to run quietly,
I to insert something, 
H for help, X to quit.
? X
 
Here is how much of TeX's memory you used:
 45 strings out of 478995
 501 string characters out of 5829536
 283038 words of memory out of 5000000
 17630 multiletter control sequences out of 15000+600000
 403430 words of font info for 27 fonts, out of 8000000 for 9000
 1141 hyphenation exceptions out of 8191
 13i,0n,15p,98b,10s stack positions out of 5000i,500n,10000p,200000b,80000s
No pages of output.
